<pkg:package xmlns:pkg="http://marklogic.com/package">
  <package-database xmlns="http://marklogic.com/package/databases">
    <metadata>
      <package-version>1.1</package-version>
      <user>admin</user>
      <group>Default</group>
      <host>justin-makeigs-macbook-pro.local</host>
      <timestamp>2013-03-23T16:25:05.822058-07:00</timestamp>
      <platform>macosx</platform>
    </metadata>
    <name>test-modules</name>
    <package-database-properties>
      <enabled>true</enabled>
      <language>en</language>
      <stemmed-searches>basic</stemmed-searches>
      <word-searches>false</word-searches>
      <word-positions>false</word-positions>
      <fast-phrase-searches>false</fast-phrase-searches>
      <fast-reverse-searches>false</fast-reverse-searches>
      <fast-case-sensitive-searches>false</fast-case-sensitive-searches>
      <fast-diacritic-sensitive-searches>false</fast-diacritic-sensitive-searches>
      <fast-element-word-searches>false</fast-element-word-searches>
      <element-word-positions>false</element-word-positions>
      <fast-element-phrase-searches>false</fast-element-phrase-searches>
      <element-value-positions>false</element-value-positions>
      <attribute-value-positions>false</attribute-value-positions>
      <field-value-searches>false</field-value-searches>
      <field-value-positions>false</field-value-positions>
      <three-character-searches>false</three-character-searches>
      <three-character-word-positions>false</three-character-word-positions>
      <fast-element-character-searches>false</fast-element-character-searches>
      <trailing-wildcard-searches>false</trailing-wildcard-searches>
      <trailing-wildcard-word-positions>false</trailing-wildcard-word-positions>
      <fast-element-trailing-wildcard-searches>false</fast-element-trailing-wildcard-searches>
      <word-lexicons/>
      <two-character-searches>false</two-character-searches>
      <one-character-searches>false</one-character-searches>
      <uri-lexicon>true</uri-lexicon>
      <collection-lexicon>true</collection-lexicon>
      <reindexer-enable>true</reindexer-enable>
      <reindexer-throttle>5</reindexer-throttle>
      <reindexer-timestamp>0</reindexer-timestamp>
      <directory-creation>manual</directory-creation>
      <maintain-last-modified>false</maintain-last-modified>
      <maintain-directory-last-modified>false</maintain-directory-last-modified>
      <inherit-permissions>false</inherit-permissions>
      <inherit-collections>false</inherit-collections>
      <inherit-quality>false</inherit-quality>
      <in-memory-limit>262144</in-memory-limit>
      <in-memory-list-size>512</in-memory-list-size>
      <in-memory-tree-size>128</in-memory-tree-size>
      <in-memory-range-index-size>16</in-memory-range-index-size>
      <in-memory-reverse-index-size>16</in-memory-reverse-index-size>
      <large-size-threshold>1024</large-size-threshold>
      <locking>fast</locking>
      <journaling>fast</journaling>
      <journal-size>1365</journal-size>
      <journal-count>2</journal-count>
      <preallocate-journals>false</preallocate-journals>
      <preload-mapped-data>false</preload-mapped-data>
      <preload-replica-mapped-data>false</preload-replica-mapped-data>
      <range-index-optimize>facet-time</range-index-optimize>
      <positions-list-max-size>256</positions-list-max-size>
      <format-compatibility>automatic</format-compatibility>
      <index-detection>automatic</index-detection>
      <expunge-locks>automatic</expunge-locks>
      <tf-normalization>scaled-log</tf-normalization>
      <merge-priority>lower</merge-priority>
      <merge-max-size>0</merge-max-size>
      <merge-min-size>1024</merge-min-size>
      <merge-min-ratio>2</merge-min-ratio>
      <merge-timestamp>0</merge-timestamp>
      <merge-blackouts/>
      <database-backups/>
      <fragment-roots/>
      <fragment-parents/>
      <element-word-query-throughs>
	<element-word-query-through>
	  <namespace-uri>http://schemas.microsoft.com/office/word/2003/wordml</namespace-uri>
	  <localname>p</localname>
	</element-word-query-through>
	<element-word-query-through>
	  <namespace-uri>http://schemas.openxmlformats.org/wordprocessingml/2006/main</namespace-uri>
	  <localname>p</localname>
	</element-word-query-through>
      </element-word-query-throughs>
      <phrase-throughs>
	<phrase-through>
	  <namespace-uri>http://www.w3.org/1999/xhtml</namespace-uri>
	  <localname>a</localname>
	</phrase-through>
	<phrase-through>
	  <namespace-uri>http://www.w3.org/1999/xhtml</namespace-uri>
	  <localname>abbr</localname>
	</phrase-through>
	<phrase-through>
	  <namespace-uri>http://www.w3.org/1999/xhtml</namespace-uri>
	  <localname>acronym</localname>
	</phrase-through>
	<phrase-through>
	  <namespace-uri>http://www.w3.org/1999/xhtml</namespace-uri>
	  <localname>b</localname>
	</phrase-through>
	<phrase-through>
	  <namespace-uri>http://www.w3.org/1999/xhtml</namespace-uri>
	  <localname>big</localname>
	</phrase-through>
	<phrase-through>
	  <namespace-uri>http://www.w3.org/1999/xhtml</namespace-uri>
	  <localname>br</localname>
	</phrase-through>
	<phrase-through>
	  <namespace-uri>http://www.w3.org/1999/xhtml</namespace-uri>
	  <localname>center</localname>
	</phrase-through>
	<phrase-through>
	  <namespace-uri>http://www.w3.org/1999/xhtml</namespace-uri>
	  <localname>cite</localname>
	</phrase-through>
	<phrase-through>
	  <namespace-uri>http://www.w3.org/1999/xhtml</namespace-uri>
	  <localname>code</localname>
	</phrase-through>
	<phrase-through>
	  <namespace-uri>http://www.w3.org/1999/xhtml</namespace-uri>
	  <localname>dfn</localname>
	</phrase-through>
	<phrase-through>
	  <namespace-uri>http://www.w3.org/1999/xhtml</namespace-uri>
	  <localname>em</localname>
	</phrase-through>
	<phrase-through>
	  <namespace-uri>http://www.w3.org/1999/xhtml</namespace-uri>
	  <localname>font</localname>
	</phrase-through>
	<phrase-through>
	  <namespace-uri>http://www.w3.org/1999/xhtml</namespace-uri>
	  <localname>i</localname>
	</phrase-through>
	<phrase-through>
	  <namespace-uri>http://www.w3.org/1999/xhtml</namespace-uri>
	  <localname>kbd</localname>
	</phrase-through>
	<phrase-through>
	  <namespace-uri>http://www.w3.org/1999/xhtml</namespace-uri>
	  <localname>q</localname>
	</phrase-through>
	<phrase-through>
	  <namespace-uri>http://www.w3.org/1999/xhtml</namespace-uri>
	  <localname>samp</localname>
	</phrase-through>
	<phrase-through>
	  <namespace-uri>http://www.w3.org/1999/xhtml</namespace-uri>
	  <localname>small</localname>
	</phrase-through>
	<phrase-through>
	  <namespace-uri>http://www.w3.org/1999/xhtml</namespace-uri>
	  <localname>span</localname>
	</phrase-through>
	<phrase-through>
	  <namespace-uri>http://www.w3.org/1999/xhtml</namespace-uri>
	  <localname>strong</localname>
	</phrase-through>
	<phrase-through>
	  <namespace-uri>http://www.w3.org/1999/xhtml</namespace-uri>
	  <localname>sub</localname>
	</phrase-through>
	<phrase-through>
	  <namespace-uri>http://www.w3.org/1999/xhtml</namespace-uri>
	  <localname>sup</localname>
	</phrase-through>
	<phrase-through>
	  <namespace-uri>http://www.w3.org/1999/xhtml</namespace-uri>
	  <localname>tt</localname>
	</phrase-through>
	<phrase-through>
	  <namespace-uri>http://www.w3.org/1999/xhtml</namespace-uri>
	  <localname>var</localname>
	</phrase-through>
	<phrase-through>
	  <namespace-uri>http://schemas.microsoft.com/office/word/2003/wordml</namespace-uri>
	  <localname>br</localname>
	</phrase-through>
	<phrase-through>
	  <namespace-uri>http://schemas.microsoft.com/office/word/2003/wordml</namespace-uri>
	  <localname>cr</localname>
	</phrase-through>
	<phrase-through>
	  <namespace-uri>http://schemas.microsoft.com/office/word/2003/wordml</namespace-uri>
	  <localname>fldChar</localname>
	</phrase-through>
	<phrase-through>
	  <namespace-uri>http://schemas.microsoft.com/office/word/2003/wordml</namespace-uri>
	  <localname>fldData</localname>
	</phrase-through>
	<phrase-through>
	  <namespace-uri>http://schemas.microsoft.com/office/word/2003/wordml</namespace-uri>
	  <localname>fldSimple</localname>
	</phrase-through>
	<phrase-through>
	  <namespace-uri>http://schemas.microsoft.com/office/word/2003/wordml</namespace-uri>
	  <localname>hlink</localname>
	</phrase-through>
	<phrase-through>
	  <namespace-uri>http://schemas.microsoft.com/office/word/2003/wordml</namespace-uri>
	  <localname>noBreakHyphen</localname>
	</phrase-through>
	<phrase-through>
	  <namespace-uri>http://schemas.microsoft.com/office/word/2003/wordml</namespace-uri>
	  <localname>permEnd</localname>
	</phrase-through>
	<phrase-through>
	  <namespace-uri>http://schemas.microsoft.com/office/word/2003/wordml</namespace-uri>
	  <localname>permStart</localname>
	</phrase-through>
	<phrase-through>
	  <namespace-uri>http://schemas.microsoft.com/office/word/2003/wordml</namespace-uri>
	  <localname>pgNum</localname>
	</phrase-through>
	<phrase-through>
	  <namespace-uri>http://schemas.microsoft.com/office/word/2003/wordml</namespace-uri>
	  <localname>proofErr</localname>
	</phrase-through>
	<phrase-through>
	  <namespace-uri>http://schemas.microsoft.com/office/word/2003/wordml</namespace-uri>
	  <localname>r</localname>
	</phrase-through>
	<phrase-through>
	  <namespace-uri>http://schemas.microsoft.com/office/word/2003/wordml</namespace-uri>
	  <localname>softHyphen</localname>
	</phrase-through>
	<phrase-through>
	  <namespace-uri>http://schemas.microsoft.com/office/word/2003/wordml</namespace-uri>
	  <localname>sym</localname>
	</phrase-through>
	<phrase-through>
	  <namespace-uri>http://schemas.microsoft.com/office/word/2003/wordml</namespace-uri>
	  <localname>t</localname>
	</phrase-through>
	<phrase-through>
	  <namespace-uri>http://schemas.microsoft.com/office/word/2003/wordml</namespace-uri>
	  <localname>tab</localname>
	</phrase-through>
	<phrase-through>
	  <namespace-uri>http://schemas.microsoft.com/office/word/2003/auxHint</namespace-uri>
	  <localname>t</localname>
	</phrase-through>
	<phrase-through>
	  <namespace-uri>http://schemas.openxmlformats.org/wordprocessingml/2006/main</namespace-uri>
	  <localname>r</localname>
	</phrase-through>
	<phrase-through>
	  <namespace-uri>http://schemas.openxmlformats.org/wordprocessingml/2006/main</namespace-uri>
	  <localname>t</localname>
	</phrase-through>
	<phrase-through>
	  <namespace-uri>http://schemas.openxmlformats.org/wordprocessingml/2006/main</namespace-uri>
	  <localname>endnoteReference</localname>
	</phrase-through>
	<phrase-through>
	  <namespace-uri>http://schemas.openxmlformats.org/wordprocessingml/2006/main</namespace-uri>
	  <localname>footnoteReference</localname>
	</phrase-through>
	<phrase-through>
	  <namespace-uri>http://schemas.openxmlformats.org/wordprocessingml/2006/main</namespace-uri>
	  <localname>customXml</localname>
	</phrase-through>
	<phrase-through>
	  <namespace-uri>http://schemas.openxmlformats.org/wordprocessingml/2006/main</namespace-uri>
	  <localname>hyperlink</localname>
	</phrase-through>
	<phrase-through>
	  <namespace-uri>http://schemas.openxmlformats.org/wordprocessingml/2006/main</namespace-uri>
	  <localname>sdt</localname>
	</phrase-through>
	<phrase-through>
	  <namespace-uri>http://schemas.openxmlformats.org/wordprocessingml/2006/main</namespace-uri>
	  <localname>sdtContent</localname>
	</phrase-through>
	<phrase-through>
	  <namespace-uri>http://schemas.openxmlformats.org/wordprocessingml/2006/main</namespace-uri>
	  <localname>commentRangeEnd</localname>
	</phrase-through>
	<phrase-through>
	  <namespace-uri>http://schemas.openxmlformats.org/wordprocessingml/2006/main</namespace-uri>
	  <localname>commentRangeStart</localname>
	</phrase-through>
	<phrase-through>
	  <namespace-uri>http://schemas.openxmlformats.org/wordprocessingml/2006/main</namespace-uri>
	  <localname>bookmarkStart</localname>
	</phrase-through>
	<phrase-through>
	  <namespace-uri>http://schemas.openxmlformats.org/wordprocessingml/2006/main</namespace-uri>
	  <localname>bookmarkEnd</localname>
	</phrase-through>
	<phrase-through>
	  <namespace-uri>http://schemas.openxmlformats.org/wordprocessingml/2006/main</namespace-uri>
	  <localname>fldSimple</localname>
	</phrase-through>
	<phrase-through>
	  <namespace-uri>http://schemas.openxmlformats.org/wordprocessingml/2006/main</namespace-uri>
	  <localname>instrText</localname>
	</phrase-through>
	<phrase-through>
	  <namespace-uri>http://schemas.openxmlformats.org/wordprocessingml/2006/main</namespace-uri>
	  <localname>smartTag</localname>
	</phrase-through>
	<phrase-through>
	  <namespace-uri>http://schemas.openxmlformats.org/wordprocessingml/2006/main</namespace-uri>
	  <localname>ins</localname>
	</phrase-through>
	<phrase-through>
	  <namespace-uri>http://schemas.openxmlformats.org/wordprocessingml/2006/main</namespace-uri>
	  <localname>proofErr</localname>
	</phrase-through>
	<phrase-through>
	  <namespace-uri>http://marklogic.com/entity</namespace-uri>
	  <localname>person</localname>
	</phrase-through>
	<phrase-through>
	  <namespace-uri>http://marklogic.com/entity</namespace-uri>
	  <localname>organization</localname>
	</phrase-through>
	<phrase-through>
	  <namespace-uri>http://marklogic.com/entity</namespace-uri>
	  <localname>location</localname>
	</phrase-through>
	<phrase-through>
	  <namespace-uri>http://marklogic.com/entity</namespace-uri>
	  <localname>gpe</localname>
	</phrase-through>
	<phrase-through>
	  <namespace-uri>http://marklogic.com/entity</namespace-uri>
	  <localname>facility</localname>
	</phrase-through>
	<phrase-through>
	  <namespace-uri>http://marklogic.com/entity</namespace-uri>
	  <localname>religion</localname>
	</phrase-through>
	<phrase-through>
	  <namespace-uri>http://marklogic.com/entity</namespace-uri>
	  <localname>nationality</localname>
	</phrase-through>
	<phrase-through>
	  <namespace-uri>http://marklogic.com/entity</namespace-uri>
	  <localname>credit-card-number</localname>
	</phrase-through>
	<phrase-through>
	  <namespace-uri>http://marklogic.com/entity</namespace-uri>
	  <localname>email</localname>
	</phrase-through>
	<phrase-through>
	  <namespace-uri>http://marklogic.com/entity</namespace-uri>
	  <localname>coordinate</localname>
	</phrase-through>
	<phrase-through>
	  <namespace-uri>http://marklogic.com/entity</namespace-uri>
	  <localname>money</localname>
	</phrase-through>
	<phrase-through>
	  <namespace-uri>http://marklogic.com/entity</namespace-uri>
	  <localname>percent</localname>
	</phrase-through>
	<phrase-through>
	  <namespace-uri>http://marklogic.com/entity</namespace-uri>
	  <localname>id</localname>
	</phrase-through>
	<phrase-through>
	  <namespace-uri>http://marklogic.com/entity</namespace-uri>
	  <localname>phone-number</localname>
	</phrase-through>
	<phrase-through>
	  <namespace-uri>http://marklogic.com/entity</namespace-uri>
	  <localname>url</localname>
	</phrase-through>
	<phrase-through>
	  <namespace-uri>http://marklogic.com/entity</namespace-uri>
	  <localname>utm</localname>
	</phrase-through>
	<phrase-through>
	  <namespace-uri>http://marklogic.com/entity</namespace-uri>
	  <localname>date</localname>
	</phrase-through>
	<phrase-through>
	  <namespace-uri>http://marklogic.com/entity</namespace-uri>
	  <localname>time</localname>
	</phrase-through>
      </phrase-throughs>
      <phrase-arounds>
	<phrase-around>
	  <namespace-uri>http://schemas.microsoft.com/office/word/2003/wordml</namespace-uri>
	  <localname>delInstrText</localname>
	</phrase-around>
	<phrase-around>
	  <namespace-uri>http://schemas.microsoft.com/office/word/2003/wordml</namespace-uri>
	  <localname>delText</localname>
	</phrase-around>
	<phrase-around>
	  <namespace-uri>http://schemas.microsoft.com/office/word/2003/wordml</namespace-uri>
	  <localname>endnote</localname>
	</phrase-around>
	<phrase-around>
	  <namespace-uri>http://schemas.microsoft.com/office/word/2003/wordml</namespace-uri>
	  <localname>footnote</localname>
	</phrase-around>
	<phrase-around>
	  <namespace-uri>http://schemas.microsoft.com/office/word/2003/wordml</namespace-uri>
	  <localname>instrText</localname>
	</phrase-around>
	<phrase-around>
	  <namespace-uri>http://schemas.microsoft.com/office/word/2003/wordml</namespace-uri>
	  <localname>pict</localname>
	</phrase-around>
	<phrase-around>
	  <namespace-uri>http://schemas.microsoft.com/office/word/2003/wordml</namespace-uri>
	  <localname>rPr</localname>
	</phrase-around>
	<phrase-around>
	  <namespace-uri>http://schemas.openxmlformats.org/wordprocessingml/2006/main</namespace-uri>
	  <localname>pPr</localname>
	</phrase-around>
	<phrase-around>
	  <namespace-uri>http://schemas.openxmlformats.org/wordprocessingml/2006/main</namespace-uri>
	  <localname>rPr</localname>
	</phrase-around>
	<phrase-around>
	  <namespace-uri>http://schemas.openxmlformats.org/wordprocessingml/2006/main</namespace-uri>
	  <localname>customXmlPr</localname>
	</phrase-around>
	<phrase-around>
	  <namespace-uri>http://schemas.openxmlformats.org/wordprocessingml/2006/main</namespace-uri>
	  <localname>sdtPr</localname>
	</phrase-around>
	<phrase-around>
	  <namespace-uri>http://schemas.openxmlformats.org/wordprocessingml/2006/main</namespace-uri>
	  <localname>commentReference</localname>
	</phrase-around>
	<phrase-around>
	  <namespace-uri>http://schemas.openxmlformats.org/wordprocessingml/2006/main</namespace-uri>
	  <localname>del</localname>
	</phrase-around>
      </phrase-arounds>
      <range-element-indexes>
	<range-element-index>
	  <scalar-type>dateTime</scalar-type>
	  <namespace-uri>http://marklogic.com/xdmp/dls</namespace-uri>
	  <localname>created</localname>
	  <collation/>
	  <range-value-positions>false</range-value-positions>
	  <invalid-values>reject</invalid-values>
	</range-element-index>
	<range-element-index>
	  <scalar-type>dateTime</scalar-type>
	  <namespace-uri>http://marklogic.com/xdmp/dls</namespace-uri>
	  <localname>replaced</localname>
	  <collation/>
	  <range-value-positions>false</range-value-positions>
	  <invalid-values>reject</invalid-values>
	</range-element-index>
	<range-element-index>
	  <scalar-type>unsignedLong</scalar-type>
	  <namespace-uri>http://marklogic.com/xdmp/dls</namespace-uri>
	  <localname>version-id</localname>
	  <collation/>
	  <range-value-positions>false</range-value-positions>
	  <invalid-values>reject</invalid-values>
	</range-element-index>
      </range-element-indexes>
      <range-element-attribute-indexes/>
      <element-word-lexicons/>
      <element-attribute-word-lexicons/>
      <path-namespaces/>
      <range-path-indexes/>
      <fields>
	<field>
	  <field-name/>
	  <include-root>true</include-root>
	  <included-elements/>
	  <excluded-elements/>
	</field>
      </fields>
      <range-field-indexes/>
      <geospatial-element-indexes/>
      <geospatial-element-child-indexes/>
      <geospatial-element-pair-indexes/>
      <geospatial-element-attribute-pair-indexes/>
      <geospatial-path-indexes/>
      <database-replication/>
      <foreign-databases/>
    </package-database-properties>
    <links>
      <forests-list>
	<forest-name>test-modules-1</forest-name>
      </forests-list>
      <security-database>Security</security-database>
      <schema-database>Schemas</schema-database>
    </links>
  </package-database>
  <package-database xmlns="http://marklogic.com/package/databases">
    <metadata>
      <package-version>1.1</package-version>
      <user>admin</user>
      <group>Default</group>
      <host>justin-makeigs-macbook-pro.local</host>
      <timestamp>2013-03-23T16:25:05.822058-07:00</timestamp>
      <platform>macosx</platform>
    </metadata>
    <name>test-modules-REST-modules</name>
    <package-database-properties>
      <enabled>true</enabled>
      <language>en</language>
      <stemmed-searches>basic</stemmed-searches>
      <word-searches>false</word-searches>
      <word-positions>false</word-positions>
      <fast-phrase-searches>true</fast-phrase-searches>
      <fast-reverse-searches>false</fast-reverse-searches>
      <fast-case-sensitive-searches>true</fast-case-sensitive-searches>
      <fast-diacritic-sensitive-searches>true</fast-diacritic-sensitive-searches>
      <fast-element-word-searches>true</fast-element-word-searches>
      <element-word-positions>false</element-word-positions>
      <fast-element-phrase-searches>true</fast-element-phrase-searches>
      <element-value-positions>false</element-value-positions>
      <attribute-value-positions>false</attribute-value-positions>
      <field-value-searches>false</field-value-searches>
      <field-value-positions>false</field-value-positions>
      <three-character-searches>false</three-character-searches>
      <three-character-word-positions>false</three-character-word-positions>
      <fast-element-character-searches>false</fast-element-character-searches>
      <trailing-wildcard-searches>false</trailing-wildcard-searches>
      <trailing-wildcard-word-positions>false</trailing-wildcard-word-positions>
      <fast-element-trailing-wildcard-searches>false</fast-element-trailing-wildcard-searches>
      <word-lexicons/>
      <two-character-searches>false</two-character-searches>
      <one-character-searches>false</one-character-searches>
      <uri-lexicon>true</uri-lexicon>
      <collection-lexicon>false</collection-lexicon>
      <reindexer-enable>true</reindexer-enable>
      <reindexer-throttle>5</reindexer-throttle>
      <reindexer-timestamp>0</reindexer-timestamp>
      <directory-creation>automatic</directory-creation>
      <maintain-last-modified>true</maintain-last-modified>
      <maintain-directory-last-modified>false</maintain-directory-last-modified>
      <inherit-permissions>false</inherit-permissions>
      <inherit-collections>false</inherit-collections>
      <inherit-quality>false</inherit-quality>
      <in-memory-limit>262144</in-memory-limit>
      <in-memory-list-size>512</in-memory-list-size>
      <in-memory-tree-size>128</in-memory-tree-size>
      <in-memory-range-index-size>16</in-memory-range-index-size>
      <in-memory-reverse-index-size>16</in-memory-reverse-index-size>
      <large-size-threshold>1024</large-size-threshold>
      <locking>fast</locking>
      <journaling>fast</journaling>
      <journal-size>1365</journal-size>
      <journal-count>2</journal-count>
      <preallocate-journals>false</preallocate-journals>
      <preload-mapped-data>false</preload-mapped-data>
      <preload-replica-mapped-data>false</preload-replica-mapped-data>
      <range-index-optimize>facet-time</range-index-optimize>
      <positions-list-max-size>256</positions-list-max-size>
      <format-compatibility>automatic</format-compatibility>
      <index-detection>automatic</index-detection>
      <expunge-locks>automatic</expunge-locks>
      <tf-normalization>scaled-log</tf-normalization>
      <merge-priority>lower</merge-priority>
      <merge-max-size>0</merge-max-size>
      <merge-min-size>1024</merge-min-size>
      <merge-min-ratio>2</merge-min-ratio>
      <merge-timestamp>0</merge-timestamp>
      <merge-blackouts/>
      <database-backups/>
      <fragment-roots/>
      <fragment-parents/>
      <element-word-query-throughs>
	<element-word-query-through>
	  <namespace-uri>http://schemas.microsoft.com/office/word/2003/wordml</namespace-uri>
	  <localname>p</localname>
	</element-word-query-through>
	<element-word-query-through>
	  <namespace-uri>http://schemas.openxmlformats.org/wordprocessingml/2006/main</namespace-uri>
	  <localname>p</localname>
	</element-word-query-through>
      </element-word-query-throughs>
      <phrase-throughs>
	<phrase-through>
	  <namespace-uri>http://www.w3.org/1999/xhtml</namespace-uri>
	  <localname>a</localname>
	</phrase-through>
	<phrase-through>
	  <namespace-uri>http://www.w3.org/1999/xhtml</namespace-uri>
	  <localname>abbr</localname>
	</phrase-through>
	<phrase-through>
	  <namespace-uri>http://www.w3.org/1999/xhtml</namespace-uri>
	  <localname>acronym</localname>
	</phrase-through>
	<phrase-through>
	  <namespace-uri>http://www.w3.org/1999/xhtml</namespace-uri>
	  <localname>b</localname>
	</phrase-through>
	<phrase-through>
	  <namespace-uri>http://www.w3.org/1999/xhtml</namespace-uri>
	  <localname>big</localname>
	</phrase-through>
	<phrase-through>
	  <namespace-uri>http://www.w3.org/1999/xhtml</namespace-uri>
	  <localname>br</localname>
	</phrase-through>
	<phrase-through>
	  <namespace-uri>http://www.w3.org/1999/xhtml</namespace-uri>
	  <localname>center</localname>
	</phrase-through>
	<phrase-through>
	  <namespace-uri>http://www.w3.org/1999/xhtml</namespace-uri>
	  <localname>cite</localname>
	</phrase-through>
	<phrase-through>
	  <namespace-uri>http://www.w3.org/1999/xhtml</namespace-uri>
	  <localname>code</localname>
	</phrase-through>
	<phrase-through>
	  <namespace-uri>http://www.w3.org/1999/xhtml</namespace-uri>
	  <localname>dfn</localname>
	</phrase-through>
	<phrase-through>
	  <namespace-uri>http://www.w3.org/1999/xhtml</namespace-uri>
	  <localname>em</localname>
	</phrase-through>
	<phrase-through>
	  <namespace-uri>http://www.w3.org/1999/xhtml</namespace-uri>
	  <localname>font</localname>
	</phrase-through>
	<phrase-through>
	  <namespace-uri>http://www.w3.org/1999/xhtml</namespace-uri>
	  <localname>i</localname>
	</phrase-through>
	<phrase-through>
	  <namespace-uri>http://www.w3.org/1999/xhtml</namespace-uri>
	  <localname>kbd</localname>
	</phrase-through>
	<phrase-through>
	  <namespace-uri>http://www.w3.org/1999/xhtml</namespace-uri>
	  <localname>q</localname>
	</phrase-through>
	<phrase-through>
	  <namespace-uri>http://www.w3.org/1999/xhtml</namespace-uri>
	  <localname>samp</localname>
	</phrase-through>
	<phrase-through>
	  <namespace-uri>http://www.w3.org/1999/xhtml</namespace-uri>
	  <localname>small</localname>
	</phrase-through>
	<phrase-through>
	  <namespace-uri>http://www.w3.org/1999/xhtml</namespace-uri>
	  <localname>span</localname>
	</phrase-through>
	<phrase-through>
	  <namespace-uri>http://www.w3.org/1999/xhtml</namespace-uri>
	  <localname>strong</localname>
	</phrase-through>
	<phrase-through>
	  <namespace-uri>http://www.w3.org/1999/xhtml</namespace-uri>
	  <localname>sub</localname>
	</phrase-through>
	<phrase-through>
	  <namespace-uri>http://www.w3.org/1999/xhtml</namespace-uri>
	  <localname>sup</localname>
	</phrase-through>
	<phrase-through>
	  <namespace-uri>http://www.w3.org/1999/xhtml</namespace-uri>
	  <localname>tt</localname>
	</phrase-through>
	<phrase-through>
	  <namespace-uri>http://www.w3.org/1999/xhtml</namespace-uri>
	  <localname>var</localname>
	</phrase-through>
	<phrase-through>
	  <namespace-uri>http://schemas.microsoft.com/office/word/2003/wordml</namespace-uri>
	  <localname>br</localname>
	</phrase-through>
	<phrase-through>
	  <namespace-uri>http://schemas.microsoft.com/office/word/2003/wordml</namespace-uri>
	  <localname>cr</localname>
	</phrase-through>
	<phrase-through>
	  <namespace-uri>http://schemas.microsoft.com/office/word/2003/wordml</namespace-uri>
	  <localname>fldChar</localname>
	</phrase-through>
	<phrase-through>
	  <namespace-uri>http://schemas.microsoft.com/office/word/2003/wordml</namespace-uri>
	  <localname>fldData</localname>
	</phrase-through>
	<phrase-through>
	  <namespace-uri>http://schemas.microsoft.com/office/word/2003/wordml</namespace-uri>
	  <localname>fldSimple</localname>
	</phrase-through>
	<phrase-through>
	  <namespace-uri>http://schemas.microsoft.com/office/word/2003/wordml</namespace-uri>
	  <localname>hlink</localname>
	</phrase-through>
	<phrase-through>
	  <namespace-uri>http://schemas.microsoft.com/office/word/2003/wordml</namespace-uri>
	  <localname>noBreakHyphen</localname>
	</phrase-through>
	<phrase-through>
	  <namespace-uri>http://schemas.microsoft.com/office/word/2003/wordml</namespace-uri>
	  <localname>permEnd</localname>
	</phrase-through>
	<phrase-through>
	  <namespace-uri>http://schemas.microsoft.com/office/word/2003/wordml</namespace-uri>
	  <localname>permStart</localname>
	</phrase-through>
	<phrase-through>
	  <namespace-uri>http://schemas.microsoft.com/office/word/2003/wordml</namespace-uri>
	  <localname>pgNum</localname>
	</phrase-through>
	<phrase-through>
	  <namespace-uri>http://schemas.microsoft.com/office/word/2003/wordml</namespace-uri>
	  <localname>proofErr</localname>
	</phrase-through>
	<phrase-through>
	  <namespace-uri>http://schemas.microsoft.com/office/word/2003/wordml</namespace-uri>
	  <localname>r</localname>
	</phrase-through>
	<phrase-through>
	  <namespace-uri>http://schemas.microsoft.com/office/word/2003/wordml</namespace-uri>
	  <localname>softHyphen</localname>
	</phrase-through>
	<phrase-through>
	  <namespace-uri>http://schemas.microsoft.com/office/word/2003/wordml</namespace-uri>
	  <localname>sym</localname>
	</phrase-through>
	<phrase-through>
	  <namespace-uri>http://schemas.microsoft.com/office/word/2003/wordml</namespace-uri>
	  <localname>t</localname>
	</phrase-through>
	<phrase-through>
	  <namespace-uri>http://schemas.microsoft.com/office/word/2003/wordml</namespace-uri>
	  <localname>tab</localname>
	</phrase-through>
	<phrase-through>
	  <namespace-uri>http://schemas.microsoft.com/office/word/2003/auxHint</namespace-uri>
	  <localname>t</localname>
	</phrase-through>
	<phrase-through>
	  <namespace-uri>http://schemas.openxmlformats.org/wordprocessingml/2006/main</namespace-uri>
	  <localname>r</localname>
	</phrase-through>
	<phrase-through>
	  <namespace-uri>http://schemas.openxmlformats.org/wordprocessingml/2006/main</namespace-uri>
	  <localname>t</localname>
	</phrase-through>
	<phrase-through>
	  <namespace-uri>http://schemas.openxmlformats.org/wordprocessingml/2006/main</namespace-uri>
	  <localname>endnoteReference</localname>
	</phrase-through>
	<phrase-through>
	  <namespace-uri>http://schemas.openxmlformats.org/wordprocessingml/2006/main</namespace-uri>
	  <localname>footnoteReference</localname>
	</phrase-through>
	<phrase-through>
	  <namespace-uri>http://schemas.openxmlformats.org/wordprocessingml/2006/main</namespace-uri>
	  <localname>customXml</localname>
	</phrase-through>
	<phrase-through>
	  <namespace-uri>http://schemas.openxmlformats.org/wordprocessingml/2006/main</namespace-uri>
	  <localname>hyperlink</localname>
	</phrase-through>
	<phrase-through>
	  <namespace-uri>http://schemas.openxmlformats.org/wordprocessingml/2006/main</namespace-uri>
	  <localname>sdt</localname>
	</phrase-through>
	<phrase-through>
	  <namespace-uri>http://schemas.openxmlformats.org/wordprocessingml/2006/main</namespace-uri>
	  <localname>sdtContent</localname>
	</phrase-through>
	<phrase-through>
	  <namespace-uri>http://schemas.openxmlformats.org/wordprocessingml/2006/main</namespace-uri>
	  <localname>commentRangeEnd</localname>
	</phrase-through>
	<phrase-through>
	  <namespace-uri>http://schemas.openxmlformats.org/wordprocessingml/2006/main</namespace-uri>
	  <localname>commentRangeStart</localname>
	</phrase-through>
	<phrase-through>
	  <namespace-uri>http://schemas.openxmlformats.org/wordprocessingml/2006/main</namespace-uri>
	  <localname>bookmarkStart</localname>
	</phrase-through>
	<phrase-through>
	  <namespace-uri>http://schemas.openxmlformats.org/wordprocessingml/2006/main</namespace-uri>
	  <localname>bookmarkEnd</localname>
	</phrase-through>
	<phrase-through>
	  <namespace-uri>http://schemas.openxmlformats.org/wordprocessingml/2006/main</namespace-uri>
	  <localname>fldSimple</localname>
	</phrase-through>
	<phrase-through>
	  <namespace-uri>http://schemas.openxmlformats.org/wordprocessingml/2006/main</namespace-uri>
	  <localname>instrText</localname>
	</phrase-through>
	<phrase-through>
	  <namespace-uri>http://schemas.openxmlformats.org/wordprocessingml/2006/main</namespace-uri>
	  <localname>smartTag</localname>
	</phrase-through>
	<phrase-through>
	  <namespace-uri>http://schemas.openxmlformats.org/wordprocessingml/2006/main</namespace-uri>
	  <localname>ins</localname>
	</phrase-through>
	<phrase-through>
	  <namespace-uri>http://schemas.openxmlformats.org/wordprocessingml/2006/main</namespace-uri>
	  <localname>proofErr</localname>
	</phrase-through>
	<phrase-through>
	  <namespace-uri>http://marklogic.com/entity</namespace-uri>
	  <localname>person</localname>
	</phrase-through>
	<phrase-through>
	  <namespace-uri>http://marklogic.com/entity</namespace-uri>
	  <localname>organization</localname>
	</phrase-through>
	<phrase-through>
	  <namespace-uri>http://marklogic.com/entity</namespace-uri>
	  <localname>location</localname>
	</phrase-through>
	<phrase-through>
	  <namespace-uri>http://marklogic.com/entity</namespace-uri>
	  <localname>gpe</localname>
	</phrase-through>
	<phrase-through>
	  <namespace-uri>http://marklogic.com/entity</namespace-uri>
	  <localname>facility</localname>
	</phrase-through>
	<phrase-through>
	  <namespace-uri>http://marklogic.com/entity</namespace-uri>
	  <localname>religion</localname>
	</phrase-through>
	<phrase-through>
	  <namespace-uri>http://marklogic.com/entity</namespace-uri>
	  <localname>nationality</localname>
	</phrase-through>
	<phrase-through>
	  <namespace-uri>http://marklogic.com/entity</namespace-uri>
	  <localname>credit-card-number</localname>
	</phrase-through>
	<phrase-through>
	  <namespace-uri>http://marklogic.com/entity</namespace-uri>
	  <localname>email</localname>
	</phrase-through>
	<phrase-through>
	  <namespace-uri>http://marklogic.com/entity</namespace-uri>
	  <localname>coordinate</localname>
	</phrase-through>
	<phrase-through>
	  <namespace-uri>http://marklogic.com/entity</namespace-uri>
	  <localname>money</localname>
	</phrase-through>
	<phrase-through>
	  <namespace-uri>http://marklogic.com/entity</namespace-uri>
	  <localname>percent</localname>
	</phrase-through>
	<phrase-through>
	  <namespace-uri>http://marklogic.com/entity</namespace-uri>
	  <localname>id</localname>
	</phrase-through>
	<phrase-through>
	  <namespace-uri>http://marklogic.com/entity</namespace-uri>
	  <localname>phone-number</localname>
	</phrase-through>
	<phrase-through>
	  <namespace-uri>http://marklogic.com/entity</namespace-uri>
	  <localname>url</localname>
	</phrase-through>
	<phrase-through>
	  <namespace-uri>http://marklogic.com/entity</namespace-uri>
	  <localname>utm</localname>
	</phrase-through>
	<phrase-through>
	  <namespace-uri>http://marklogic.com/entity</namespace-uri>
	  <localname>date</localname>
	</phrase-through>
	<phrase-through>
	  <namespace-uri>http://marklogic.com/entity</namespace-uri>
	  <localname>time</localname>
	</phrase-through>
      </phrase-throughs>
      <phrase-arounds>
	<phrase-around>
	  <namespace-uri>http://schemas.microsoft.com/office/word/2003/wordml</namespace-uri>
	  <localname>delInstrText</localname>
	</phrase-around>
	<phrase-around>
	  <namespace-uri>http://schemas.microsoft.com/office/word/2003/wordml</namespace-uri>
	  <localname>delText</localname>
	</phrase-around>
	<phrase-around>
	  <namespace-uri>http://schemas.microsoft.com/office/word/2003/wordml</namespace-uri>
	  <localname>endnote</localname>
	</phrase-around>
	<phrase-around>
	  <namespace-uri>http://schemas.microsoft.com/office/word/2003/wordml</namespace-uri>
	  <localname>footnote</localname>
	</phrase-around>
	<phrase-around>
	  <namespace-uri>http://schemas.microsoft.com/office/word/2003/wordml</namespace-uri>
	  <localname>instrText</localname>
	</phrase-around>
	<phrase-around>
	  <namespace-uri>http://schemas.microsoft.com/office/word/2003/wordml</namespace-uri>
	  <localname>pict</localname>
	</phrase-around>
	<phrase-around>
	  <namespace-uri>http://schemas.microsoft.com/office/word/2003/wordml</namespace-uri>
	  <localname>rPr</localname>
	</phrase-around>
	<phrase-around>
	  <namespace-uri>http://schemas.openxmlformats.org/wordprocessingml/2006/main</namespace-uri>
	  <localname>pPr</localname>
	</phrase-around>
	<phrase-around>
	  <namespace-uri>http://schemas.openxmlformats.org/wordprocessingml/2006/main</namespace-uri>
	  <localname>rPr</localname>
	</phrase-around>
	<phrase-around>
	  <namespace-uri>http://schemas.openxmlformats.org/wordprocessingml/2006/main</namespace-uri>
	  <localname>customXmlPr</localname>
	</phrase-around>
	<phrase-around>
	  <namespace-uri>http://schemas.openxmlformats.org/wordprocessingml/2006/main</namespace-uri>
	  <localname>sdtPr</localname>
	</phrase-around>
	<phrase-around>
	  <namespace-uri>http://schemas.openxmlformats.org/wordprocessingml/2006/main</namespace-uri>
	  <localname>commentReference</localname>
	</phrase-around>
	<phrase-around>
	  <namespace-uri>http://schemas.openxmlformats.org/wordprocessingml/2006/main</namespace-uri>
	  <localname>del</localname>
	</phrase-around>
      </phrase-arounds>
      <range-element-indexes>
	<range-element-index>
	  <scalar-type>dateTime</scalar-type>
	  <namespace-uri>http://marklogic.com/xdmp/dls</namespace-uri>
	  <localname>created</localname>
	  <collation/>
	  <range-value-positions>false</range-value-positions>
	  <invalid-values>reject</invalid-values>
	</range-element-index>
	<range-element-index>
	  <scalar-type>dateTime</scalar-type>
	  <namespace-uri>http://marklogic.com/xdmp/dls</namespace-uri>
	  <localname>replaced</localname>
	  <collation/>
	  <range-value-positions>false</range-value-positions>
	  <invalid-values>reject</invalid-values>
	</range-element-index>
	<range-element-index>
	  <scalar-type>unsignedLong</scalar-type>
	  <namespace-uri>http://marklogic.com/xdmp/dls</namespace-uri>
	  <localname>version-id</localname>
	  <collation/>
	  <range-value-positions>false</range-value-positions>
	  <invalid-values>reject</invalid-values>
	</range-element-index>
      </range-element-indexes>
      <range-element-attribute-indexes/>
      <element-word-lexicons/>
      <element-attribute-word-lexicons/>
      <path-namespaces/>
      <range-path-indexes/>
      <fields>
	<field>
	  <field-name/>
	  <include-root>true</include-root>
	  <included-elements/>
	  <excluded-elements/>
	</field>
      </fields>
      <range-field-indexes/>
      <geospatial-element-indexes/>
      <geospatial-element-child-indexes/>
      <geospatial-element-pair-indexes/>
      <geospatial-element-attribute-pair-indexes/>
      <geospatial-path-indexes/>
      <database-replication/>
      <foreign-databases/>
    </package-database-properties>
    <links>
      <forests-list>
	<forest-name>test-modules-REST-modules-1</forest-name>
      </forests-list>
      <security-database>Security</security-database>
      <schema-database>App-Services</schema-database>
    </links>
  </package-database>
  <package-http-server xmlns="http://marklogic.com/package/servers">
    <metadata>
      <package-version>1.1</package-version>
      <user>admin</user>
      <group>Default</group>
      <host>justin-makeigs-macbook-pro.local</host>
      <timestamp>2013-03-23T16:25:05.822058-07:00</timestamp>
      <platform>macosx</platform>
    </metadata>
    <server-type>http-server</server-type>
    <group-name>Default</group-name>
    <name>test-modules-HTTP</name>
    <package-http-properties>
      <root>/</root>
      <port>9555</port>
      <enabled>true</enabled>
      <webDAV>false</webDAV>
      <execute>true</execute>
      <display-last-login>false</display-last-login>
      <address>0.0.0.0</address>
      <backlog>256</backlog>
      <threads>32</threads>
      <request-timeout>30</request-timeout>
      <keep-alive-timeout>5</keep-alive-timeout>
      <session-timeout>3600</session-timeout>
      <static-expires>3600</static-expires>
      <max-time-limit>3600</max-time-limit>
      <default-time-limit>600</default-time-limit>
      <multi-version-concurrency-control>contemporaneous</multi-version-concurrency-control>
      <authentication>digest</authentication>
      <concurrent-request-limit>0</concurrent-request-limit>
      <log-errors>true</log-errors>
      <compute-content-length>false</compute-content-length>
      <debug-allow>true</debug-allow>
      <profile-allow>true</profile-allow>
      <output-sgml-character-entities>none</output-sgml-character-entities>
      <output-encoding>UTF-8</output-encoding>
      <output-method>default</output-method>
      <output-byte-order-mark>default</output-byte-order-mark>
      <output-cdata-section-namespace-uri/>
      <output-cdata-section-localname/>
      <output-doctype-public/>
      <output-doctype-system/>
      <output-escape-uri-attributes>default</output-escape-uri-attributes>
      <output-include-content-type>default</output-include-content-type>
      <output-indent>default</output-indent>
      <output-indent-untyped>default</output-indent-untyped>
      <output-media-type/>
      <output-normalization-form>none</output-normalization-form>
      <output-omit-xml-declaration>default</output-omit-xml-declaration>
      <output-standalone>omit</output-standalone>
      <output-undeclare-prefixes>default</output-undeclare-prefixes>
      <output-version/>
      <output-include-default-attributes>default</output-include-default-attributes>
      <default-xquery-version>1.0-ml</default-xquery-version>
      <pre-commit-trigger-depth>1000</pre-commit-trigger-depth>
      <pre-commit-trigger-limit>10000</pre-commit-trigger-limit>
      <schemas/>
      <namespaces/>
      <request-blackouts/>
      <collation>http://marklogic.com/collation/</collation>
      <error-handler/>
      <url-rewriter/>
      <rewrite-resolves-globally>false</rewrite-resolves-globally>
      <ssl-certificate-template>0</ssl-certificate-template>
      <ssl-allow-sslv3>true</ssl-allow-sslv3>
      <ssl-allow-tls>true</ssl-allow-tls>
      <ssl-hostname/>
      <ssl-ciphers>ALL:!LOW:@STRENGTH</ssl-ciphers>
      <ssl-require-client-certificate>true</ssl-require-client-certificate>
      <ssl-client-certificate-authorities/>
    </package-http-properties>
    <links>
      <group-name>Default</group-name>
      <database>Documents</database>
      <modules-database>test-modules</modules-database>
      <default-user>nobody</default-user>
    </links>
  </package-http-server>
  <package-http-server xmlns="http://marklogic.com/package/servers">
    <metadata>
      <package-version>1.1</package-version>
      <user>admin</user>
      <group>Default</group>
      <host>justin-makeigs-macbook-pro.local</host>
      <timestamp>2013-03-23T16:25:05.822058-07:00</timestamp>
      <platform>macosx</platform>
    </metadata>
    <server-type>http-server</server-type>
    <group-name>Default</group-name>
    <name>test-modules-REST</name>
    <package-http-properties>
      <enabled>true</enabled>
      <root>/</root>
      <port>9556</port>
      <webDAV>false</webDAV>
      <execute>true</execute>
      <display-last-login>false</display-last-login>
      <address>0.0.0.0</address>
      <backlog>256</backlog>
      <threads>32</threads>
      <request-timeout>30</request-timeout>
      <keep-alive-timeout>5</keep-alive-timeout>
      <session-timeout>3600</session-timeout>
      <max-time-limit>3600</max-time-limit>
      <default-time-limit>600</default-time-limit>
      <static-expires>3600</static-expires>
      <pre-commit-trigger-depth>1000</pre-commit-trigger-depth>
      <pre-commit-trigger-limit>10000</pre-commit-trigger-limit>
      <collation>http://marklogic.com/collation/</collation>
      <authentication>digest</authentication>
      <concurrent-request-limit>0</concurrent-request-limit>
      <compute-content-length>true</compute-content-length>
      <log-errors>false</log-errors>
      <debug-allow>true</debug-allow>
      <profile-allow>true</profile-allow>
      <default-xquery-version>1.0-ml</default-xquery-version>
      <multi-version-concurrency-control>contemporaneous</multi-version-concurrency-control>
      <output-sgml-character-entities>none</output-sgml-character-entities>
      <output-encoding>UTF-8</output-encoding>
      <output-method>default</output-method>
      <output-byte-order-mark>default</output-byte-order-mark>
      <output-cdata-section-namespace-uri/>
      <output-cdata-section-localname/>
      <output-doctype-public/>
      <output-doctype-system/>
      <output-escape-uri-attributes>default</output-escape-uri-attributes>
      <output-include-content-type>default</output-include-content-type>
      <output-indent>default</output-indent>
      <output-indent-untyped>default</output-indent-untyped>
      <output-media-type/>
      <output-normalization-form>none</output-normalization-form>
      <output-omit-xml-declaration>default</output-omit-xml-declaration>
      <output-standalone>omit</output-standalone>
      <output-undeclare-prefixes>default</output-undeclare-prefixes>
      <output-version/>
      <output-include-default-attributes>default</output-include-default-attributes>
      <error-handler>/MarkLogic/rest-api/error-handler.xqy</error-handler>
      <schemas/>
      <namespaces/>
      <request-blackouts/>
      <url-rewriter>/MarkLogic/rest-api/rewriter.xqy</url-rewriter>
      <rewrite-resolves-globally>true</rewrite-resolves-globally>
      <ssl-certificate-template>0</ssl-certificate-template>
      <ssl-allow-sslv3>true</ssl-allow-sslv3>
      <ssl-allow-tls>true</ssl-allow-tls>
      <ssl-hostname/>
      <ssl-ciphers>ALL:!LOW:@STRENGTH</ssl-ciphers>
      <ssl-require-client-certificate>true</ssl-require-client-certificate>
      <ssl-client-certificate-authorities/>
    </package-http-properties>
    <links>
      <group-name>Default</group-name>
      <database>test-modules</database>
      <modules-database>test-modules-REST-modules</modules-database>
      <default-user>nobody</default-user>
    </links>
  </package-http-server>
</pkg:package>
